----------------------------------------
Timestamp: 7/28/2020 1:26:09 PM

Message: Enter upgrade mode


----------------------------------------
----------------------------------------
Timestamp: 7/28/2020 1:26:23 PM

Message: Attempting application domain unload. Reason: 'The connection string name is missing for the MySqlSiteMapProvider (C:\Windows\Microsoft.NET\Framework\v4.0.30319\Config\machine.config line 275) ---> The connection string name is missing for the MySqlSiteMapProvider'. StackTrace: '   at System.Environment.GetStackTrace(Exception e, Boolean needFileInfo)
   at System.Environment.get_StackTrace()
   at Telerik.Sitefinity.Services.SystemManager.TryRestartApplication(String restartReason)
   at Telerik.Sitefinity.Web.SitefinityHttpModule.HandleBootstrapException(Exception exception)
   at Telerik.Sitefinity.Web.SitefinityHttpModule.<>c.<BootstrapAsync>b__4_0(Object ctx)
   at System.Threading.Tasks.Task.InnerInvoke()
   at System.Threading.Tasks.Task.Execute()
   at System.Threading.Tasks.Task.ExecutionContextCallback(Object obj)
   at System.Threading.ExecutionContext.RunInternal(ExecutionContext executionContext, ContextCallback callback, Object state, Boolean preserveSyncCtx)
   at System.Threading.ExecutionContext.Run(ExecutionContext executionContext, ContextCallback callback, Object state, Boolean preserveSyncCtx)
   at System.Threading.Tasks.Task.ExecuteWithThreadLocal(Task& currentTaskSlot)
   at System.Threading.Tasks.Task.ExecuteEntry(Boolean bPreventDoubleExecution)
   at System.Threading.Tasks.Task.System.Threading.IThreadPoolWorkItem.ExecuteWorkItem()
   at System.Threading.ThreadPoolWorkQueue.Dispatch()
   at System.Threading._ThreadPoolWaitCallback.PerformWaitCallback()'


----------------------------------------
----------------------------------------
Timestamp: 7/28/2020 1:26:23 PM

Message: Application domain unload succeeded. StackTrace: '   at System.Environment.GetStackTrace(Exception e, Boolean needFileInfo)
   at System.Environment.get_StackTrace()
   at Telerik.Sitefinity.Services.SystemManager.TryRestartApplication(String restartReason)
   at Telerik.Sitefinity.Web.SitefinityHttpModule.HandleBootstrapException(Exception exception)
   at Telerik.Sitefinity.Web.SitefinityHttpModule.<>c.<BootstrapAsync>b__4_0(Object ctx)
   at System.Threading.Tasks.Task.InnerInvoke()
   at System.Threading.Tasks.Task.Execute()
   at System.Threading.Tasks.Task.ExecutionContextCallback(Object obj)
   at System.Threading.ExecutionContext.RunInternal(ExecutionContext executionContext, ContextCallback callback, Object state, Boolean preserveSyncCtx)
   at System.Threading.ExecutionContext.Run(ExecutionContext executionContext, ContextCallback callback, Object state, Boolean preserveSyncCtx)
   at System.Threading.Tasks.Task.ExecuteWithThreadLocal(Task& currentTaskSlot)
   at System.Threading.Tasks.Task.ExecuteEntry(Boolean bPreventDoubleExecution)
   at System.Threading.Tasks.Task.System.Threading.IThreadPoolWorkItem.ExecuteWorkItem()
   at System.Threading.ThreadPoolWorkQueue.Dispatch()
   at System.Threading._ThreadPoolWaitCallback.PerformWaitCallback()'


----------------------------------------
